<?xml version="1.0" encoding="UTF-8"?>
<TestRun id="89dc6926-c992-4499-99e2-dbf11703180d" name="Martin@MARTIN-PC 2011-03-01 03:16:53" runUser="Martin-PC\Martin" xmlns="http://microsoft.com/schemas/VisualStudio/TeamTest/2010">
  <TestSettings name="Local" id="a4c19e21-2cef-41ce-8329-a38c2e9f4673">
    <Description>These are default test settings for a local test run.</Description>
    <Deployment enabled="false" runDeploymentRoot="Martin_MARTIN-PC 2011-03-01 03_16_53">
      <DeploymentItem filename="C:\Users\Martin\Documents\Visual Studio 2010\Projects\GeometrySharp\GeometrySharp\bin\x86\Debug\GeometrySharp.dll" />
    </Deployment>
    <Execution>
      <TestTypeSpecific />
      <AgentRule name="Execution Agents">
      </AgentRule>
    </Execution>
  </TestSettings>
  <Times creation="2011-03-01T03:16:53.2540412+00:00" queuing="2011-03-01T03:16:53.2610416+00:00" start="2011-03-01T03:16:53.2650418+00:00" finish="2011-03-01T03:16:53.5410576+00:00" />
  <ResultSummary outcome="Failed">
    <Counters total="1" executed="1" error="0" failed="1" timeout="0" aborted="0" inconclusive="0" passedButRunAborted="0" notRunnable="0" notExecuted="0" disconnected="0" warning="0" passed="0" completed="0" inProgress="0" pending="0" />
  </ResultSummary>
  <TestDefinitions>
    <UnitTest name="ConstructTriangle" storage="c:\users\martin\documents\visual studio 2010\projects\geometrysharp\geometrysharpunittests\bin\debug\geometrysharpunittests.dll" id="73321675-385c-e5aa-82ef-31cb5dca3fe1">
      <Execution id="8c57ef63-283d-4bb7-9c29-e5d2739b0c8c" />
      <TestMethod codeBase="C:/Users/Martin/Documents/Visual Studio 2010/Projects/GeometrySharp/GeometrySharpUnitTests/bin/Debug/GeometrySharpUnitTests.DLL" adapterTypeName="Microsoft.VisualStudio.TestTools.TestTypes.Unit.UnitTestAdapter, Microsoft.VisualStudio.QualityTools.Tips.UnitTest.Adapter, Version=10.0.0.0, Culture=neutral, PublicKeyToken=b03f5f7f11d50a3a" className="GeometrySharpUnitTests.PrimitiveShapes, GeometrySharpUnitTests, Version=1.0.0.0, Culture=neutral, PublicKeyToken=null" name="ConstructTriangle" />
    </UnitTest>
  </TestDefinitions>
  <TestLists>
    <TestList name="Results Not in a List" id="8c84fa94-04c1-424b-9868-57a2d4851a1d" />
    <TestList name="All Loaded Results" id="19431567-8539-422a-85d7-44ee4e166bda" />
  </TestLists>
  <TestEntries>
    <TestEntry testId="73321675-385c-e5aa-82ef-31cb5dca3fe1" executionId="8c57ef63-283d-4bb7-9c29-e5d2739b0c8c" testListId="8c84fa94-04c1-424b-9868-57a2d4851a1d" />
  </TestEntries>
  <Results>
    <UnitTestResult executionId="8c57ef63-283d-4bb7-9c29-e5d2739b0c8c" testId="73321675-385c-e5aa-82ef-31cb5dca3fe1" testName="ConstructTriangle" computerName="MARTIN-PC" duration="00:00:00.0547160" startTime="2011-03-01T03:16:53.2680420+00:00" endTime="2011-03-01T03:16:53.5280568+00:00" testType="13cdc9d9-ddb5-4fa4-a97d-d965ccfc6d4b" outcome="Failed" testListId="8c84fa94-04c1-424b-9868-57a2d4851a1d" relativeResultsDirectory="8c57ef63-283d-4bb7-9c29-e5d2739b0c8c">
      <Output>
        <ErrorInfo>
          <Message>Test method GeometrySharpUnitTests.PrimitiveShapes.ConstructTriangle threw exception: 
System.NotImplementedException: The method or operation is not implemented.</Message>
          <StackTrace>    at GeometrySharp.HalfEdgeGeometry.Mesh.GetEdge(Vertex a, Vertex b, Face f, HalfEdge abNext) in C:\Users\Martin\Documents\Visual Studio 2010\Projects\GeometrySharp\GeometrySharp\HalfEdgeGeometry\Mesh.cs:line 70
   at GeometrySharp.HalfEdgeGeometry.Mesh.GetFace(IEnumerable`1 vertices) in C:\Users\Martin\Documents\Visual Studio 2010\Projects\GeometrySharp\GeometrySharp\HalfEdgeGeometry\Mesh.cs:line 98
   at GeometrySharp.HalfEdgeGeometry.Mesh.GetFace(Vertex[] vertices) in C:\Users\Martin\Documents\Visual Studio 2010\Projects\GeometrySharp\GeometrySharp\HalfEdgeGeometry\Mesh.cs:line 80
   at GeometrySharpUnitTests.PrimitiveShapes.ConstructTriangle() in C:\Users\Martin\Documents\Visual Studio 2010\Projects\GeometrySharp\GeometrySharpUnitTests\PrimitiveShapes.cs:line 23
</StackTrace>
        </ErrorInfo>
      </Output>
    </UnitTestResult>
  </Results>
</TestRun>