<?xml version="1.0" encoding="UTF-8"?>
<TestRun id="10b56d45-ef9c-404e-9504-7f6e34fc7e8a" name="Matt@MATT-PC 2011-03-01 17:52:47" runUser="Matt-PC\Matt" xmlns="http://microsoft.com/schemas/VisualStudio/TeamTest/2010">
  <TestSettings name="Local" id="a4c19e21-2cef-41ce-8329-a38c2e9f4673">
    <Description>These are default test settings for a local test run.</Description>
    <Deployment enabled="false" runDeploymentRoot="Matt_MATT-PC 2011-03-01 17_52_47">
      <DeploymentItem filename="C:\Users\Matt\Documents\Visual Studio 2010\Projects\geometrySharp\GeometrySharp\bin\x86\Debug\GeometrySharp.dll" />
    </Deployment>
    <Execution>
      <TestTypeSpecific />
      <AgentRule name="Execution Agents">
      </AgentRule>
    </Execution>
  </TestSettings>
  <Times creation="2011-03-01T17:52:47.6525455+00:00" queuing="2011-03-01T17:52:48.3405849+00:00" start="2011-03-01T17:52:48.4225896+00:00" finish="2011-03-01T17:52:49.2306358+00:00" />
  <ResultSummary outcome="Failed">
    <Counters total="1" executed="1" error="0" failed="1" timeout="0" aborted="0" inconclusive="0" passedButRunAborted="0" notRunnable="0" notExecuted="0" disconnected="0" warning="0" passed="0" completed="0" inProgress="0" pending="0" />
  </ResultSummary>
  <TestDefinitions>
    <UnitTest name="ConstructTriangle" storage="c:\users\matt\documents\visual studio 2010\projects\geometrysharp\geometrysharpunittests\bin\debug\geometrysharpunittests.dll" id="73321675-385c-e5aa-82ef-31cb5dca3fe1">
      <Execution id="d3fc6ab6-9414-4f71-ba23-e08c871bca8b" />
      <TestMethod codeBase="C:/Users/Matt/Documents/Visual Studio 2010/Projects/geometrySharp/GeometrySharpUnitTests/bin/Debug/GeometrySharpUnitTests.DLL" adapterTypeName="Microsoft.VisualStudio.TestTools.TestTypes.Unit.UnitTestAdapter, Microsoft.VisualStudio.QualityTools.Tips.UnitTest.Adapter, Version=10.0.0.0, Culture=neutral, PublicKeyToken=b03f5f7f11d50a3a" className="GeometrySharpUnitTests.PrimitiveShapes, GeometrySharpUnitTests, Version=1.0.0.0, Culture=neutral, PublicKeyToken=null" name="ConstructTriangle" />
    </UnitTest>
  </TestDefinitions>
  <TestLists>
    <TestList name="Results Not in a List" id="8c84fa94-04c1-424b-9868-57a2d4851a1d" />
    <TestList name="All Loaded Results" id="19431567-8539-422a-85d7-44ee4e166bda" />
  </TestLists>
  <TestEntries>
    <TestEntry testId="73321675-385c-e5aa-82ef-31cb5dca3fe1" executionId="d3fc6ab6-9414-4f71-ba23-e08c871bca8b" testListId="8c84fa94-04c1-424b-9868-57a2d4851a1d" />
  </TestEntries>
  <Results>
    <UnitTestResult executionId="d3fc6ab6-9414-4f71-ba23-e08c871bca8b" testId="73321675-385c-e5aa-82ef-31cb5dca3fe1" testName="ConstructTriangle" computerName="MATT-PC" duration="00:00:00.2284435" startTime="2011-03-01T17:52:48.4955937+00:00" endTime="2011-03-01T17:52:49.1516313+00:00" testType="13cdc9d9-ddb5-4fa4-a97d-d965ccfc6d4b" outcome="Failed" testListId="8c84fa94-04c1-424b-9868-57a2d4851a1d" relativeResultsDirectory="d3fc6ab6-9414-4f71-ba23-e08c871bca8b">
      <Output>
        <ErrorInfo>
          <Message>Test method GeometrySharpUnitTests.PrimitiveShapes.ConstructTriangle threw exception: 
System.NotImplementedException: Check if this face already exists</Message>
          <StackTrace>    at GeometrySharp.HalfEdgeGeometry.Mesh.GetFace(IEnumerable`1 vertices) in C:\Users\Matt\Documents\Visual Studio 2010\Projects\geometrySharp\GeometrySharp\HalfEdgeGeometry\Mesh.cs:line 88
   at GeometrySharp.HalfEdgeGeometry.Mesh.GetFace(Vertex[] vertices) in C:\Users\Matt\Documents\Visual Studio 2010\Projects\geometrySharp\GeometrySharp\HalfEdgeGeometry\Mesh.cs:line 83
   at GeometrySharpUnitTests.PrimitiveShapes.ConstructTriangle() in C:\Users\Matt\Documents\Visual Studio 2010\Projects\geometrySharp\GeometrySharpUnitTests\PrimitiveShapes.cs:line 23
</StackTrace>
        </ErrorInfo>
      </Output>
    </UnitTestResult>
  </Results>
</TestRun>